<?xml version="1.0" encoding="UTF-8"?>
<!-- Generated by org.testng.reporters.JUnitXMLReporter -->
<testsuite hostname="DESKTOP-K8JQV01" ignored="5" name="Test" tests="2" failures="0" timestamp="2022-03-08T12:17:25 IST" time="0.111" errors="0">
  <testcase name="TC03" time="0.02" classname="com.testng1.A"/>
  <testcase name="TC07" time="0.003" classname="com.testng1.C"/>
  <testcase name="TC04" time="0.0" classname="com.testng1.B">
    <ignored/>
  </testcase> <!-- TC04 -->
  <testcase name="TC02" time="0.0" classname="com.testng1.A">
    <ignored/>
  </testcase> <!-- TC02 -->
  <testcase name="TC05" time="0.0" classname="com.testng1.B">
    <ignored/>
  </testcase> <!-- TC05 -->
  <testcase name="TC01" time="0.0" classname="com.testng1.A">
    <ignored/>
  </testcase> <!-- TC01 -->
  <testcase name="TC06" time="0.0" classname="com.testng1.C">
    <ignored/>
  </testcase> <!-- TC06 -->
</testsuite> <!-- Test -->
