<?xml version="1.0" encoding="UTF-8"?>
<!-- Generated by org.testng.reporters.JUnitXMLReporter -->
<testsuite hostname="DESKTOP-K8JQV01" ignored="4" name="Test1" tests="3" failures="0" timestamp="2022-03-03T21:05:24 IST" time="0.128" errors="0">
  <testcase name="TC01" time="0.018" classname="com.testng1.A"/>
  <testcase name="TC05" time="0.003" classname="com.testng1.B"/>
  <testcase name="TC06" time="0.003" classname="com.testng1.C"/>
  <testcase name="TC03" time="0.0" classname="com.testng1.A">
    <ignored/>
  </testcase> <!-- TC03 -->
  <testcase name="TC04" time="0.0" classname="com.testng1.B">
    <ignored/>
  </testcase> <!-- TC04 -->
  <testcase name="TC02" time="0.0" classname="com.testng1.A">
    <ignored/>
  </testcase> <!-- TC02 -->
  <testcase name="TC07" time="0.0" classname="com.testng1.C">
    <ignored/>
  </testcase> <!-- TC07 -->
</testsuite> <!-- Test1 -->
